Build started 5/25/2013 3:33:34 AM.
     1>Project "c:\Users\Cory\documents\visual studio 2010\Projects\c126e-realworldmergesort\c126e-realworldmergesort\c126e-realworldmergesort.vcxproj" on node 2 (build target(s)).
     1>InitializeBuildStatus:
         Creating "Debug\c126e-realworldmergesort.unsuccessfulbuild" because "AlwaysCreate" was specified.
       ClCompile:
         All outputs are up-to-date.
         C:\Program Files (x86)\Microsoft Visual Studio 10.0\VC\bin\CL.exe /c /ZI /nologo /W3 /WX- /Od /Oy- /D WIN32 /D _DEBUG /D _CONSOLE /D _UNICODE /D UNICODE /Gm /EHsc /RTC1 /MDd /GS /fp:precise /Zc:wchar_t /Zc:forScope /Yu"StdAfx.h" /Fp"Debug\c126e-realworldmergesort.pch" /Fo"Debug\\" /Fd"Debug\vc100.pdb" /Gd /TP /analyze- /errorReport:prompt "c126e-realworldmergesort.cpp"
         c126e-realworldmergesort.cpp
     1>c:\users\cory\documents\visual studio 2010\projects\c126e-realworldmergesort\c126e-realworldmergesort\c126e-realworldmergesort.cpp(13): warning C4018: '<' : signed/unsigned mismatch
       ManifestResourceCompile:
         All outputs are up-to-date.
       Link:
         C:\Program Files (x86)\Microsoft Visual Studio 10.0\VC\bin\link.exe /ERRORREPORT:PROMPT /OUT:"c:\users\cory\documents\visual studio 2010\Projects\c126e-realworldmergesort\Debug\c126e-realworldmergesort.exe" /INCREMENTAL /NOLOGO kernel32.lib user32.lib gdi32.lib winspool.lib comdlg32.lib advapi32.lib shell32.lib ole32.lib oleaut32.lib uuid.lib odbc32.lib odbccp32.lib /MANIFEST /ManifestFile:"Debug\c126e-realworldmergesort.exe.intermediate.manifest" /MANIFESTUAC:"level='asInvoker' uiAccess='false'" /DEBUG /PDB:"c:\users\cory\documents\visual studio 2010\Projects\c126e-realworldmergesort\Debug\c126e-realworldmergesort.pdb" /SUBSYSTEM:CONSOLE /TLBID:1 /DYNAMICBASE /NXCOMPAT /IMPLIB:"c:\users\cory\documents\visual studio 2010\Projects\c126e-realworldmergesort\Debug\c126e-realworldmergesort.lib" /MACHINE:X86 "Debug\c126e-realworldmergesort.exe.embed.manifest.res"
         "Debug\c126e-realworldmergesort.obj"
         Debug\stdafx.obj
       Manifest:
         C:\Program Files (x86)\Microsoft SDKs\Windows\v7.0A\bin\mt.exe /nologo /verbose /out:"Debug\c126e-realworldmergesort.exe.embed.manifest" /manifest "Debug\c126e-realworldmergesort.exe.intermediate.manifest"
         All outputs are up-to-date.
       LinkEmbedManifest:
         All outputs are up-to-date.
         c126e-realworldmergesort.vcxproj -> c:\users\cory\documents\visual studio 2010\Projects\c126e-realworldmergesort\Debug\c126e-realworldmergesort.exe
       FinalizeBuildStatus:
         Deleting file "Debug\c126e-realworldmergesort.unsuccessfulbuild".
         Touching "Debug\c126e-realworldmergesort.lastbuildstate".
     1>Done Building Project "c:\Users\Cory\documents\visual studio 2010\Projects\c126e-realworldmergesort\c126e-realworldmergesort\c126e-realworldmergesort.vcxproj" (build target(s)).

Build succeeded.

Time Elapsed 00:00:00.71
